8:50:15: User paul@atreides.com logged in.
8:50:15: User paul@atreides.com logged in.

-----------------------
9:00:45: User paul@atreides.com logged out.
9:00:45: User paul@atreides.com logged out.

-----------------------
9:01:03: User paul@atreides.com logged in.
9:01:03: User paul@atreides.com logged in.

-----------------------
Password update failed!Password update failed!-----------------------
Password update failed!Password update failed!-----------------------
Password successfully updated!Password successfully updated!-----------------------
Password successfully updated!Password successfully updated!-----------------------
Password successfully updated!Password successfully updated!-----------------------
9:22:01: User paul@atreides.com logged out.
9:22:01: User paul@atreides.com logged out.
-----------------------
9:29:46: User paul@atreides.com logged in.
9:29:46: User paul@atreides.com logged in.
-----------------------
9:30:08: User paul@atreides.com logged out.
9:30:08: User paul@atreides.com logged out.
-----------------------
10:13:03: User paul@atreides.com logged in.
10:13:03: User paul@atreides.com logged in.

-----------------------
Profile successfully updated!Profile successfully updated!
-----------------------
10:17:35: User paul@atreides.com logged out.
10:17:35: User paul@atreides.com logged out.

-----------------------
10:24:30: User paul@atreides.com logged in.
10:24:30: User paul@atreides.com logged in.

-----------------------
Profile successfully updated!Profile successfully updated!
-----------------------
Profile successfully updated!Profile successfully updated!
-----------------------
Profile successfully updated!Profile successfully updated!
-----------------------
Profile successfully updated!Profile successfully updated!
-----------------------
Profile successfully updated! Profile successfully updated! 
-----------------------
Profile successfully updated! 10:37:14: Profile successfully updated! 
-----------------------
Profile successfully updated! 10:37:37: Profile successfully updated! 
-----------------------
10:38:45: Profile successfully updated! 
-----------------------
10:44:31: User paul@atreides.com logged out.

-----------------------
10:44:41: User paul@atreides.com logged in.

-----------------------
10:44:48: Profile successfully updated for user 3! 
-----------------------
10:44:59: Password successfully updated for user 3!
-----------------------
10:49:13: User paul@atreides.com logged out.

-----------------------
10:49:15: Unauthorized access to student profile page!  User not logged in!
-----------------------
10:49:40: User paul@atreides.com logged in.

-----------------------
10:49:46: Profile successfully updated for user paul@atreides.com! 
-----------------------
10:50:37: User paul@atreides.com logged out.
-----------------------
10:55:13: Unauthorized access to student profile page!  User not logged in!
-----------------------
